==============================================================================
Suites                                                                        
==============================================================================
Suites.TC :: Basic Functionality for Ebay                                     
==============================================================================
Verify basic Search Functionality :: verify the basic Search in Ebay  | PASS |
------------------------------------------------------------------------------
Select Product Condtion to Filter the New :: Select Product Condti... | PASS |
------------------------------------------------------------------------------
Verify Advance Search Functionality :: Cick on the Advance Search ... | PASS |
------------------------------------------------------------------------------
Suites.TC :: Basic Functionality for Ebay                             | PASS |
3 critical tests, 3 passed, 0 failed
3 tests total, 3 passed, 0 failed
==============================================================================
Suites                                                                | PASS |
3 critical tests, 3 passed, 0 failed
3 tests total, 3 passed, 0 failed
==============================================================================
Output:  C:\Users\david\PycharmProjects\pythonDemo\results\pabot_results\1\output.xml
